<?xml version="1.0" encoding="UTF-8"?>
<testng-results skipped="0" failed="0" ignored="0" total="2" passed="2">
  <reporter-output>
  </reporter-output>
  <suite name="Suite" duration-ms="18562" started-at="2020-12-07T20:36:55Z" finished-at="2020-12-07T20:37:14Z">
    <groups>
    </groups>
    <test name="Test" duration-ms="18562" started-at="2020-12-07T20:36:55Z" finished-at="2020-12-07T20:37:14Z">
      <class name="usda.urla.poc.SearchInJPTest">
        <test-method status="PASS" signature="f()[pri:0, instance:usda.urla.poc.SearchInJPTest@2698dc7]" name="f" duration-ms="18548" started-at="2020-12-07T20:36:55Z" finished-at="2020-12-07T20:37:14Z">
          <reporter-output>
          </reporter-output>
        </test-method> <!-- f -->
      </class> <!-- usda.urla.poc.SearchInJPTest -->
      <class name="usda.urla.poc.SearchInGoogleTest">
        <test-method status="PASS" signature="f()[pri:0, instance:usda.urla.poc.SearchInGoogleTest@44f75083]" name="f" duration-ms="11263" started-at="2020-12-07T20:36:55Z" finished-at="2020-12-07T20:37:06Z">
          <reporter-output>
          </reporter-output>
        </test-method> <!-- f -->
      </class> <!-- usda.urla.poc.SearchInGoogleTest -->
    </test> <!-- Test -->
  </suite> <!-- Suite -->
</testng-results>
